0 info it worked if it ends with ok
1 verbose cli [ '/usr/bin/nodejs', '/usr/bin/npm', 'install', '-g', 'mocha' ]
2 info using npm@1.3.10
3 info using node@v0.10.25
4 verbose cache add [ 'mocha', null ]
5 verbose cache add name=undefined spec="mocha" args=["mocha",null]
6 verbose parsed url { protocol: null,
6 verbose parsed url   slashes: null,
6 verbose parsed url   auth: null,
6 verbose parsed url   host: null,
6 verbose parsed url   port: null,
6 verbose parsed url   hostname: null,
6 verbose parsed url   hash: null,
6 verbose parsed url   search: null,
6 verbose parsed url   query: null,
6 verbose parsed url   pathname: 'mocha',
6 verbose parsed url   path: 'mocha',
6 verbose parsed url   href: 'mocha' }
7 silly lockFile a619da43-mocha mocha
8 verbose lock mocha /home/elena/.npm/a619da43-mocha.lock
9 silly lockFile a619da43-mocha mocha
10 silly lockFile a619da43-mocha mocha
11 verbose addNamed [ 'mocha', '' ]
12 verbose addNamed [ null, '*' ]
13 silly lockFile b9899f31-mocha mocha@
14 verbose lock mocha@ /home/elena/.npm/b9899f31-mocha.lock
15 silly addNameRange { name: 'mocha', range: '*', hasData: false }
16 verbose url raw mocha
17 verbose url resolving [ 'https://registry.npmjs.org/', './mocha' ]
18 verbose url resolved https://registry.npmjs.org/mocha
19 info trying registry request attempt 1 at 12:23:34
20 verbose etag "4SMJ7ALL54ZFAVR3ERG2XVZNB"
21 http GET https://registry.npmjs.org/mocha
22 http 304 https://registry.npmjs.org/mocha
23 silly registry.get cb [ 304,
23 silly registry.get   { date: 'Fri, 02 Jan 2015 12:23:34 GMT',
23 silly registry.get     server: 'Apache',
23 silly registry.get     via: '1.1 varnish',
23 silly registry.get     'last-modified': 'Fri, 02 Jan 2015 12:23:34 GMT',
23 silly registry.get     'cache-control': 'max-age=60',
23 silly registry.get     etag: '"4SMJ7ALL54ZFAVR3ERG2XVZNB"',
23 silly registry.get     age: '0',
23 silly registry.get     'x-served-by': 'cache-lcy1128-LCY',
23 silly registry.get     'x-cache': 'HIT',
23 silly registry.get     'x-cache-hits': '1',
23 silly registry.get     'x-timer': 'S1420201414.538377,VS0,VE350',
23 silly registry.get     vary: 'Accept',
23 silly registry.get     'content-length': '0',
23 silly registry.get     'keep-alive': 'timeout=10, max=50',
23 silly registry.get     connection: 'Keep-Alive' } ]
24 verbose etag mocha from cache
25 silly addNameRange number 2 { name: 'mocha', range: '*', hasData: true }
26 silly addNameRange versions [ 'mocha',
26 silly addNameRange   [ '0.0.1-alpha1',
26 silly addNameRange     '0.0.1-alpha2',
26 silly addNameRange     '0.0.1-alpha3',
26 silly addNameRange     '0.0.1-alpha4',
26 silly addNameRange     '0.0.1-alpha5',
26 silly addNameRange     '0.0.1-alpha6',
26 silly addNameRange     '0.0.1',
26 silly addNameRange     '0.0.2',
26 silly addNameRange     '0.0.3',
26 silly addNameRange     '0.0.4',
26 silly addNameRange     '0.0.5',
26 silly addNameRange     '0.0.6',
26 silly addNameRange     '0.0.7',
26 silly addNameRange     '0.0.8',
26 silly addNameRange     '0.1.0',
26 silly addNameRange     '0.2.0',
26 silly addNameRange     '0.3.0',
26 silly addNameRange     '0.3.1',
26 silly addNameRange     '0.3.2',
26 silly addNameRange     '0.3.3',
26 silly addNameRange     '0.3.4',
26 silly addNameRange     '0.3.6',
26 silly addNameRange     '0.4.0',
26 silly addNameRange     '0.5.0',
26 silly addNameRange     '0.6.0',
26 silly addNameRange     '0.7.0',
26 silly addNameRange     '0.7.1',
26 silly addNameRange     '0.8.0',
26 silly addNameRange     '0.8.1',
26 silly addNameRange     '0.9.0',
26 silly addNameRange     '0.10.0',
26 silly addNameRange     '0.10.1',
26 silly addNameRange     '0.10.2',
26 silly addNameRange     '0.11.0',
26 silly addNameRange     '0.12.0',
26 silly addNameRange     '0.12.1',
26 silly addNameRange     '0.13.0',
26 silly addNameRange     '0.14.0',
26 silly addNameRange     '0.14.1',
26 silly addNameRange     '1.0.0',
26 silly addNameRange     '1.0.1',
26 silly addNameRange     '1.0.2',
26 silly addNameRange     '1.0.3',
26 silly addNameRange     '1.1.0',
26 silly addNameRange     '1.2.0',
26 silly addNameRange     '1.2.1',
26 silly addNameRange     '1.2.2',
26 silly addNameRange     '1.3.0',
26 silly addNameRange     '1.3.1',
26 silly addNameRange     '1.3.2',
26 silly addNameRange     '1.4.0',
26 silly addNameRange     '1.4.1',
26 silly addNameRange     '1.4.2',
26 silly addNameRange     '1.4.3',
26 silly addNameRange     '1.5.0',
26 silly addNameRange     '1.6.0',
26 silly addNameRange     '1.7.0',
26 silly addNameRange     '1.7.1',
26 silly addNameRange     '1.7.2',
26 silly addNameRange     '1.7.3',
26 silly addNameRange     '1.7.4',
26 silly addNameRange     '1.8.0',
26 silly addNameRange     '1.8.1',
26 silly addNameRange     '1.8.2',
26 silly addNameRange     '1.9.0',
26 silly addNameRange     '1.10.0',
26 silly addNameRange     '1.11.0',
26 silly addNameRange     '1.12.0',
26 silly addNameRange     '1.12.1',
26 silly addNameRange     '1.13.0',
26 silly addNameRange     '1.14.0',
26 silly addNameRange     '1.15.0',
26 silly addNameRange     '1.15.1',
26 silly addNameRange     '1.16.0',
26 silly addNameRange     '1.16.1',
26 silly addNameRange     '1.16.2',
26 silly addNameRange     '1.17.0',
26 silly addNameRange     '1.17.1',
26 silly addNameRange     '1.18.0',
26 silly addNameRange     '1.18.1',
26 silly addNameRange     '1.18.2',
26 silly addNameRange     '1.19.0',
26 silly addNameRange     '1.20.0',
26 silly addNameRange     '1.20.1',
26 silly addNameRange     '1.21.0',
26 silly addNameRange     '1.21.1',
26 silly addNameRange     '1.21.2',
26 silly addNameRange     '1.21.3',
26 silly addNameRange     '1.21.4',
26 silly addNameRange     '1.21.5',
26 silly addNameRange     '2.0.0',
26 silly addNameRange     '2.0.1',
26 silly addNameRange     '2.1.0' ] ]
27 verbose addNamed [ 'mocha', '2.1.0' ]
28 verbose addNamed [ '2.1.0', '2.1.0' ]
29 silly lockFile f9a4f261-mocha-2-1-0 mocha@2.1.0
30 verbose lock mocha@2.1.0 /home/elena/.npm/f9a4f261-mocha-2-1-0.lock
31 silly lockFile f9a4f261-mocha-2-1-0 mocha@2.1.0
32 silly lockFile f9a4f261-mocha-2-1-0 mocha@2.1.0
33 silly lockFile b9899f31-mocha mocha@
34 silly lockFile b9899f31-mocha mocha@
35 silly resolved [ { name: 'mocha',
35 silly resolved     version: '2.1.0',
35 silly resolved     description: 'simple, flexible, fun test framework',
35 silly resolved     keywords: [ 'mocha', 'test', 'bdd', 'tdd', 'tap' ],
35 silly resolved     author: { name: 'TJ Holowaychuk', email: 'tj@vision-media.ca' },
35 silly resolved     contributors:
35 silly resolved      [ [Object],
35 silly resolved        [Object],
35 silly resolved        [Object],
35 silly resolved        [Object],
35 silly resolved        [Object],
35 silly resolved        [Object],
35 silly resolved        [Object],
35 silly resolved        [Object] ],
35 silly resolved     repository: { type: 'git', url: 'git://github.com/mochajs/mocha.git' },
35 silly resolved     maintainers: [ [Object], [Object], [Object] ],
35 silly resolved     main: './index',
35 silly resolved     browser: './mocha.js',
35 silly resolved     bin: { mocha: './bin/mocha', _mocha: './bin/_mocha' },
35 silly resolved     engines: { node: '>= 0.8.x' },
35 silly resolved     scripts: { test: 'make test-all' },
35 silly resolved     dependencies:
35 silly resolved      { commander: '2.3.0',
35 silly resolved        debug: '2.0.0',
35 silly resolved        diff: '1.0.8',
35 silly resolved        'escape-string-regexp': '1.0.2',
35 silly resolved        glob: '3.2.3',
35 silly resolved        growl: '1.8.1',
35 silly resolved        jade: '0.26.3',
35 silly resolved        mkdirp: '0.5.0' },
35 silly resolved     devDependencies: { 'coffee-script': '~1.8.0', should: '~4.0.0' },
35 silly resolved     files:
35 silly resolved      [ 'bin',
35 silly resolved        'images',
35 silly resolved        'lib',
35 silly resolved        'index.js',
35 silly resolved        'mocha.css',
35 silly resolved        'mocha.js',
35 silly resolved        'LICENSE' ],
35 silly resolved     licenses: [ [Object] ],
35 silly resolved     readme: ' [![Build Status](https://secure.travis-ci.org/mochajs/mocha.png)](http://travis-ci.org/mochajs/mocha)\n\n  [![Mocha test framework](http://f.cl.ly/items/3l1k0n2A1U3M1I1L210p/Screen%20Shot%202012-02-24%20at%202.21.43%20PM.png)](http://mochajs.org)\n\n  Mocha is a simple, flexible, fun JavaScript test framework for node.js and the browser. For more information view the [documentation](http://mochajs.org).\n\n## Contributors\n\n```\n project  : mocha\n repo age : 3 years, 4 months\n active   : 509 days\n commits  : 1575\n files    : 153\n authors  :\n   977\tTJ Holowaychuk          62.0%\n   132\tTravis Jeffery          8.4%\n    63\tChristopher Hiller      4.0%\n    31\tGuillermo Rauch         2.0%\n    27\tJoshua Appelman         1.7%\n    13\tAttila Domokos          0.8%\n    10\tJohn Firebaugh          0.6%\n     8\tNathan Rajlich          0.5%\n     8\tJo Liss                 0.5%\n     6\tMike Pennisi            0.4%\n     6\tBrendan Nee             0.4%\n     6\tJames Carr              0.4%\n     5\tAaron Heckmann          0.3%\n     5\tRaynos                  0.3%\n     5\tRyunosuke SATO          0.3%\n     4\thokaccha                0.3%\n     4\tJonathan Ong            0.3%\n     4\tJoshua Krall            0.3%\n     4\tDomenic Denicola        0.3%\n     4\tForbes Lindesay         0.3%\n     4\tXavier Antoviaque       0.3%\n     4\tDavid da Silva          0.3%\n     3\tAriel Mashraki          0.2%\n     3\tBen Bradley             0.2%\n     3\tMerrick Christensen     0.2%\n     3\tAndreas Lind Petersen   0.2%\n     3\tNathan Bowser           0.2%\n     3\tCory Thomas             0.2%\n     3\tBenjie Gillam           0.2%\n     3\tWil Moore III           0.2%\n     3\tBen Lindsey             0.2%\n     3\tTyson Tate              0.2%\n     3\tPaul Miller             0.2%\n     3\teiji.ienaga             0.2%\n     3\tMathieu Desvé           0.2%\n     3\tJesse Dailey            0.2%\n     3\tfool2fish               0.2%\n     3\tFredrik Enestad         0.2%\n     3\tSindre Sorhus           0.2%\n     3\tValentin Agachi         0.2%\n     2\tjsdevel                 0.1%\n     2\tArian Stolwijk          0.1%\n     2\tJuzer Ali               0.1%\n     2\tDavid Henderson         0.1%\n     2\tJustin DuJardin         0.1%\n     2\tPaul Armstrong          0.1%\n     2\tPete Hawkins            0.1%\n     2\tJonas Westerlund        0.1%\n     2\tQuang Van               0.1%\n     2\tSimon Gaeremynck        0.1%\n     2\ttravis jeffery          0.1%\n     2\tDominique Quatravaux    0.1%\n     2\tJacob Wejendorp         0.1%\n     2\tShawn Krisman           0.1%\n     2\tFARKAS Máté             0.1%\n     2\tKonstantin Käfer        0.1%\n     2\tTimo Tijhof             0.1%\n     2\tSean Lang               0.1%\n     2\tQuanlong He             0.1%\n     2\tGlen Mailer             0.1%\n     2\tAlexander Early         0.1%\n     2\tIan Storm Taylor        0.1%\n     2\tBrian Beck              0.1%\n     2\tMichael Riley           0.1%\n     2\tMichael Schoonmaker     0.1%\n     2\tdomenic                 0.1%\n     2\tfcrisci                 0.1%\n     2\tBuck Doyle              0.1%\n     2\tNathan Alderson         0.1%\n     1\tMal Graty               0.1%\n     1\tMarc Kuo                0.1%\n     1\tMatija Marohnić         0.1%\n     1\tMatt Robenolt           0.1%\n     1\tMatt Smith              0.1%\n     1\tMatthew Shanley         0.1%\n     1\tMattias Tidlund         0.1%\n     1\tMichael Jackson         0.1%\n     1\tMichael Olson           0.1%\n     1\tMichal Charemza         0.1%\n     1\tNathan Black            0.1%\n     1\tNick Fitzgerald         0.1%\n     1\tNoshir Patel            0.1%\n     1\tPanu Horsmalahti        0.1%\n     1\tPhil Sung               0.1%\n     1\tR56                     0.1%\n     1\tRefael Ackermann        0.1%\n     1\tRichard Dingwall        0.1%\n     1\tRichard Knop            0.1%\n     1\tRob Wu                  0.1%\n     1\tRomain Prieto           0.1%\n     1\tRoman Neuhauser         0.1%\n     1\tRoman Shtylman          0.1%\n     1\tRuss Bradberry          0.1%\n     1\tRussell Munson          0.1%\n     1\tRustem Mustafin         0.1%\n     1\tSalehen Shovon Rahman   0.1%\n     1\tSasha Koss              0.1%\n     1\tSeiya Konno             0.1%\n     1\tShaine Hatch            0.1%\n     1\tSimon Goumaz            0.1%\n     1\tStanda Opichal          0.1%\n     1\tStephen Mathieson       0.1%\n     1\tSteve Mason             0.1%\n     1\tTapiwa Kelvin           0.1%\n     1\tTeddy Zeenny            0.1%\n     1\tTim Ehat                0.1%\n     1\tVadim Nikitin           0.1%\n     1\tVictor Costan           0.1%\n     1\tWill Langstroth         0.1%\n     1\tYanis Wang              0.1%\n     1\tYuest Wang              0.1%\n     1\tZsolt Takács            0.1%\n     1\tabrkn                   0.1%\n     1\tairportyh               0.1%\n     1\tbadunk                  0.1%\n     1\tclaudyus                0.1%\n     1\tdasilvacontin           0.1%\n     1\tfengmk2                 0.1%\n     1\tgaye                    0.1%\n     1\tgrasGendarme            0.1%\n     1\tlakmeer                 0.1%\n     1\tlodr                    0.1%\n     1\tmrShturman              0.1%\n     1\tnishigori               0.1%\n     1\tomardelarosa            0.1%\n     1\tqiuzuhui                0.1%\n     1\tsamuel goldszmidt       0.1%\n     1\tsebv                    0.1%\n     1\tstartswithaj            0.1%\n     1\ttgautier@yahoo.com      0.1%\n     1\ttraleig1                0.1%\n     1\tvlad                    0.1%\n     1\tyuitest                 0.1%\n     1\tzhiyelee                0.1%\n     1\tAdam Crabtree           0.1%\n     1\tAndreas Brekken         0.1%\n     1\tAndrew Nesbitt          0.1%\n     1\tAndrey Popp             0.1%\n     1\tArnaud Brousseau        0.1%\n     1\tAtsuya Takagi           0.1%\n     1\tAustin Birch            0.1%\n     1\tBen Noordhuis           0.1%\n     1\tBjørge Næss             0.1%\n     1\tBrian Lalor             0.1%\n     1\tBrian M. Carlson        0.1%\n     1\tBrian Moore             0.1%\n     1\tBryan Donovan           0.1%\n     1\tC. Scott Ananian        0.1%\n     1\tCasey Foster            0.1%\n     1\tChrisWren               0.1%\n     1\tConnor Dunn             0.1%\n     1\tCorey Butler            0.1%\n     1\tDaniel Stockman         0.1%\n     1\tDave McKenna            0.1%\n     1\tDenis Bardadym          0.1%\n     1\tDevin Weaver            0.1%\n     1\tDi Wu                   0.1%\n     1\tDiogo Monteiro          0.1%\n     1\tDmitry Shirokov         0.1%\n     1\tDr. Travis Jeffery      0.1%\n     1\tFedor Indutny           0.1%\n     1\tFlorian Margaine        0.1%\n     1\tFrederico Silva         0.1%\n     1\tFredrik Lindin          0.1%\n     1\tGareth Aye              0.1%\n     1\tGareth Murphy           0.1%\n     1\tGavin Mogan             0.1%\n     1\tGiovanni Bassi          0.1%\n     1\tGlen Huang              0.1%\n     1\tGreg Perkins            0.1%\n     1\tHarish                  0.1%\n     1\tHarry Brundage          0.1%\n     1\tHerman Junge            0.1%\n     1\tIan Young               0.1%\n     1\tIvan                    0.1%\n     1\tJP Bochi                0.1%\n     1\tJaakko Salonen          0.1%\n     1\tJakub Nešetřil          0.1%\n     1\tJames Bowes             0.1%\n     1\tJames Lal               0.1%\n     1\tJan Kopriva             0.1%\n     1\tJason Barry             0.1%\n     1\tJavier Aranda           0.1%\n     1\tJean Ponchon            0.1%\n     1\tJeff Kunkle             0.1%\n     1\tJeremy Martin           0.1%\n     1\tJimmy Cuadra            0.1%\n     1\tJohn Doty               0.1%\n     1\tJonathan Creamer        0.1%\n     1\tJonathan Park           0.1%\n     1\tJussi Virtanen          0.1%\n     1\tKatie Gengler           0.1%\n     1\tKazuhito Hokamura       0.1%\n     1\tKent C. Dodds           0.1%\n     1\tKevin Conway            0.1%\n     1\tKirill Korolyov         0.1%\n     1\tKoen Punt               0.1%\n     1\tLaszlo Bacsi            0.1%\n     1\tLiam Newman             0.1%\n     1\tLinus Unnebäck          0.1%\n     1\tLászló Bácsi            0.1%\n     1\tMaciej Małecki          0.1%\n```\n\n## Links\n\n  - [Google Group](http://groups.google.com/group/mochajs)\n  - [Wiki](https://github.com/mochajs/mocha/wiki)\n  - Mocha [Extensions and reporters](https://github.com/mochajs/mocha/wiki)\n\nMocha also has a chat room on [Slack](https://slack.com). If you\'d like to join, [shoot us an email](mailto:tj@travisjeffery.com?subject=mocha%20slack%20room%20invite) from the address you want us to invite you under and we\'ll happily send you an invite!\n',
35 silly resolved     readmeFilename: 'README.md',
35 silly resolved     bugs: { url: 'https://github.com/mochajs/mocha/issues' },
35 silly resolved     _id: 'mocha@2.1.0',
35 silly resolved     _from: 'mocha@' } ]
36 info install mocha@2.1.0 into /usr/local/lib
37 info installOne mocha@2.1.0
38 info /usr/local/lib/node_modules/mocha unbuild
39 verbose tar unpack /home/elena/.npm/mocha/2.1.0/package.tgz
40 silly lockFile 746f3f6f-usr-local-lib-node-modules-mocha tar:///usr/local/lib/node_modules/mocha
41 verbose lock tar:///usr/local/lib/node_modules/mocha /home/elena/.npm/746f3f6f-usr-local-lib-node-modules-mocha.lock
42 silly lockFile 86a93433-lena-npm-mocha-2-1-0-package-tgz tar:///home/elena/.npm/mocha/2.1.0/package.tgz
43 verbose lock tar:///home/elena/.npm/mocha/2.1.0/package.tgz /home/elena/.npm/86a93433-lena-npm-mocha-2-1-0-package-tgz.lock
44 silly gunzTarPerm modes [ '755', '644' ]
45 error Error: EACCES, mkdir '/usr/local/lib/node_modules/mocha'
45 error  { [Error: EACCES, mkdir '/usr/local/lib/node_modules/mocha']
45 error   errno: 3,
45 error   code: 'EACCES',
45 error   path: '/usr/local/lib/node_modules/mocha',
45 error   fstream_type: 'Directory',
45 error   fstream_path: '/usr/local/lib/node_modules/mocha',
45 error   fstream_class: 'DirWriter',
45 error   fstream_stack:
45 error    [ '/usr/lib/nodejs/fstream/lib/dir-writer.js:36:23',
45 error      '/usr/lib/nodejs/mkdirp/index.js:37:53',
45 error      'Object.oncomplete (fs.js:107:15)' ] }
46 error Please try running this command again as root/Administrator.
47 error System Linux 3.13.0-43-generic
48 error command "/usr/bin/nodejs" "/usr/bin/npm" "install" "-g" "mocha"
49 error cwd /home/elena/projects/fizzbuzz-coffeeScript
50 error node -v v0.10.25
51 error npm -v 1.3.10
52 error path /usr/local/lib/node_modules/mocha
53 error fstream_path /usr/local/lib/node_modules/mocha
54 error fstream_type Directory
55 error fstream_class DirWriter
56 error code EACCES
57 error errno 3
58 error stack Error: EACCES, mkdir '/usr/local/lib/node_modules/mocha'
59 error fstream_stack /usr/lib/nodejs/fstream/lib/dir-writer.js:36:23
59 error fstream_stack /usr/lib/nodejs/mkdirp/index.js:37:53
59 error fstream_stack Object.oncomplete (fs.js:107:15)
60 verbose exit [ 3, true ]
